2019-01-11T21:27:36.262Z - error: Error when starting http server on port 5448 Error: listen EADDRINUSE :::5448
    at Server.setupListenHandle [as _listen2] (net.js:1286:14)
    at listenInCluster (net.js:1334:12)
    at Server.listen (net.js:1421:7)
    at Promise (C:\Users\jason\Desktop\Chingu Voyage Geckos 18\Geckos-Team-18\node_modules\jsreport-express\lib\reporter.express.js:23:12)
    at Promise._execute (C:\Users\jason\Desktop\Chingu Voyage Geckos 18\Geckos-Team-18\node_modules\jsreport-express\node_modules\bluebird\js\release\debuggability.js:313:9)
    at Promise._resolveFromExecutor (C:\Users\jason\Desktop\Chingu Voyage Geckos 18\Geckos-Team-18\node_modules\jsreport-express\node_modules\bluebird\js\release\promise.js:483:18)
    at new Promise (C:\Users\jason\Desktop\Chingu Voyage Geckos 18\Geckos-Team-18\node_modules\jsreport-express\node_modules\bluebird\js\release\promise.js:79:10)
    at startAsync (C:\Users\jason\Desktop\Chingu Voyage Geckos 18\Geckos-Team-18\node_modules\jsreport-express\lib\reporter.express.js:17:10)
    at steps.push (C:\Users\jason\Desktop\Chingu Voyage Geckos 18\Geckos-Team-18\node_modules\jsreport-express\lib\reporter.express.js:51:14)
    at Object.start (C:\Users\jason\Desktop\Chingu Voyage Geckos 18\Geckos-Team-18\node_modules\jsreport-express\lib\reporter.express.js:125:13)
    at Object.reporter.initializeListeners.add (C:\Users\jason\Desktop\Chingu Voyage Geckos 18\Geckos-Team-18\node_modules\jsreport-express\lib\reporter.express.js:280:30)
    at process._tickCallback (internal/process/next_tick.js:68:7)
2019-01-11T21:27:36.264Z - error: Error occured during reporter init Error: listen EADDRINUSE :::5448
    at Server.setupListenHandle [as _listen2] (net.js:1286:14)
    at listenInCluster (net.js:1334:12)
    at Server.listen (net.js:1421:7)
    at Promise (C:\Users\jason\Desktop\Chingu Voyage Geckos 18\Geckos-Team-18\node_modules\jsreport-express\lib\reporter.express.js:23:12)
    at Promise._execute (C:\Users\jason\Desktop\Chingu Voyage Geckos 18\Geckos-Team-18\node_modules\jsreport-express\node_modules\bluebird\js\release\debuggability.js:313:9)
    at Promise._resolveFromExecutor (C:\Users\jason\Desktop\Chingu Voyage Geckos 18\Geckos-Team-18\node_modules\jsreport-express\node_modules\bluebird\js\release\promise.js:483:18)
    at new Promise (C:\Users\jason\Desktop\Chingu Voyage Geckos 18\Geckos-Team-18\node_modules\jsreport-express\node_modules\bluebird\js\release\promise.js:79:10)
    at startAsync (C:\Users\jason\Desktop\Chingu Voyage Geckos 18\Geckos-Team-18\node_modules\jsreport-express\lib\reporter.express.js:17:10)
    at steps.push (C:\Users\jason\Desktop\Chingu Voyage Geckos 18\Geckos-Team-18\node_modules\jsreport-express\lib\reporter.express.js:51:14)
    at Object.start (C:\Users\jason\Desktop\Chingu Voyage Geckos 18\Geckos-Team-18\node_modules\jsreport-express\lib\reporter.express.js:125:13)
    at Object.reporter.initializeListeners.add (C:\Users\jason\Desktop\Chingu Voyage Geckos 18\Geckos-Team-18\node_modules\jsreport-express\lib\reporter.express.js:280:30)
    at process._tickCallback (internal/process/next_tick.js:68:7)
2019-01-11T21:39:38.321Z - error: Error when starting http server on port 5448 Error: listen EADDRINUSE :::5448
    at Server.setupListenHandle [as _listen2] (net.js:1286:14)
    at listenInCluster (net.js:1334:12)
    at Server.listen (net.js:1421:7)
    at Promise (C:\Users\jason\Desktop\Chingu Voyage Geckos 18\Geckos-Team-18\node_modules\jsreport-express\lib\reporter.express.js:23:12)
    at Promise._execute (C:\Users\jason\Desktop\Chingu Voyage Geckos 18\Geckos-Team-18\node_modules\jsreport-express\node_modules\bluebird\js\release\debuggability.js:313:9)
    at Promise._resolveFromExecutor (C:\Users\jason\Desktop\Chingu Voyage Geckos 18\Geckos-Team-18\node_modules\jsreport-express\node_modules\bluebird\js\release\promise.js:483:18)
    at new Promise (C:\Users\jason\Desktop\Chingu Voyage Geckos 18\Geckos-Team-18\node_modules\jsreport-express\node_modules\bluebird\js\release\promise.js:79:10)
    at startAsync (C:\Users\jason\Desktop\Chingu Voyage Geckos 18\Geckos-Team-18\node_modules\jsreport-express\lib\reporter.express.js:17:10)
    at steps.push (C:\Users\jason\Desktop\Chingu Voyage Geckos 18\Geckos-Team-18\node_modules\jsreport-express\lib\reporter.express.js:51:14)
    at Object.start (C:\Users\jason\Desktop\Chingu Voyage Geckos 18\Geckos-Team-18\node_modules\jsreport-express\lib\reporter.express.js:125:13)
    at Object.reporter.initializeListeners.add (C:\Users\jason\Desktop\Chingu Voyage Geckos 18\Geckos-Team-18\node_modules\jsreport-express\lib\reporter.express.js:280:30)
    at process._tickCallback (internal/process/next_tick.js:68:7)
2019-01-11T21:39:38.332Z - error: Error occured during reporter init Error: listen EADDRINUSE :::5448
    at Server.setupListenHandle [as _listen2] (net.js:1286:14)
    at listenInCluster (net.js:1334:12)
    at Server.listen (net.js:1421:7)
    at Promise (C:\Users\jason\Desktop\Chingu Voyage Geckos 18\Geckos-Team-18\node_modules\jsreport-express\lib\reporter.express.js:23:12)
    at Promise._execute (C:\Users\jason\Desktop\Chingu Voyage Geckos 18\Geckos-Team-18\node_modules\jsreport-express\node_modules\bluebird\js\release\debuggability.js:313:9)
    at Promise._resolveFromExecutor (C:\Users\jason\Desktop\Chingu Voyage Geckos 18\Geckos-Team-18\node_modules\jsreport-express\node_modules\bluebird\js\release\promise.js:483:18)
    at new Promise (C:\Users\jason\Desktop\Chingu Voyage Geckos 18\Geckos-Team-18\node_modules\jsreport-express\node_modules\bluebird\js\release\promise.js:79:10)
    at startAsync (C:\Users\jason\Desktop\Chingu Voyage Geckos 18\Geckos-Team-18\node_modules\jsreport-express\lib\reporter.express.js:17:10)
    at steps.push (C:\Users\jason\Desktop\Chingu Voyage Geckos 18\Geckos-Team-18\node_modules\jsreport-express\lib\reporter.express.js:51:14)
    at Object.start (C:\Users\jason\Desktop\Chingu Voyage Geckos 18\Geckos-Team-18\node_modules\jsreport-express\lib\reporter.express.js:125:13)
    at Object.reporter.initializeListeners.add (C:\Users\jason\Desktop\Chingu Voyage Geckos 18\Geckos-Team-18\node_modules\jsreport-express\lib\reporter.express.js:280:30)
    at process._tickCallback (internal/process/next_tick.js:68:7)
2019-01-11T22:17:29.519Z - error: Error when starting http server on port 5448 Error: listen EADDRINUSE :::5448
    at Server.setupListenHandle [as _listen2] (net.js:1286:14)
    at listenInCluster (net.js:1334:12)
    at Server.listen (net.js:1421:7)
    at Promise (C:\Users\jason\Desktop\Chingu Voyage Geckos 18\Geckos-Team-18\node_modules\jsreport-express\lib\reporter.express.js:23:12)
    at Promise._execute (C:\Users\jason\Desktop\Chingu Voyage Geckos 18\Geckos-Team-18\node_modules\jsreport-express\node_modules\bluebird\js\release\debuggability.js:313:9)
    at Promise._resolveFromExecutor (C:\Users\jason\Desktop\Chingu Voyage Geckos 18\Geckos-Team-18\node_modules\jsreport-express\node_modules\bluebird\js\release\promise.js:483:18)
    at new Promise (C:\Users\jason\Desktop\Chingu Voyage Geckos 18\Geckos-Team-18\node_modules\jsreport-express\node_modules\bluebird\js\release\promise.js:79:10)
    at startAsync (C:\Users\jason\Desktop\Chingu Voyage Geckos 18\Geckos-Team-18\node_modules\jsreport-express\lib\reporter.express.js:17:10)
    at steps.push (C:\Users\jason\Desktop\Chingu Voyage Geckos 18\Geckos-Team-18\node_modules\jsreport-express\lib\reporter.express.js:51:14)
    at Object.start (C:\Users\jason\Desktop\Chingu Voyage Geckos 18\Geckos-Team-18\node_modules\jsreport-express\lib\reporter.express.js:125:13)
    at Object.reporter.initializeListeners.add (C:\Users\jason\Desktop\Chingu Voyage Geckos 18\Geckos-Team-18\node_modules\jsreport-express\lib\reporter.express.js:280:30)
    at process._tickCallback (internal/process/next_tick.js:68:7)
2019-01-11T22:17:29.531Z - error: Error occured during reporter init Error: listen EADDRINUSE :::5448
    at Server.setupListenHandle [as _listen2] (net.js:1286:14)
    at listenInCluster (net.js:1334:12)
    at Server.listen (net.js:1421:7)
    at Promise (C:\Users\jason\Desktop\Chingu Voyage Geckos 18\Geckos-Team-18\node_modules\jsreport-express\lib\reporter.express.js:23:12)
    at Promise._execute (C:\Users\jason\Desktop\Chingu Voyage Geckos 18\Geckos-Team-18\node_modules\jsreport-express\node_modules\bluebird\js\release\debuggability.js:313:9)
    at Promise._resolveFromExecutor (C:\Users\jason\Desktop\Chingu Voyage Geckos 18\Geckos-Team-18\node_modules\jsreport-express\node_modules\bluebird\js\release\promise.js:483:18)
    at new Promise (C:\Users\jason\Desktop\Chingu Voyage Geckos 18\Geckos-Team-18\node_modules\jsreport-express\node_modules\bluebird\js\release\promise.js:79:10)
    at startAsync (C:\Users\jason\Desktop\Chingu Voyage Geckos 18\Geckos-Team-18\node_modules\jsreport-express\lib\reporter.express.js:17:10)
    at steps.push (C:\Users\jason\Desktop\Chingu Voyage Geckos 18\Geckos-Team-18\node_modules\jsreport-express\lib\reporter.express.js:51:14)
    at Object.start (C:\Users\jason\Desktop\Chingu Voyage Geckos 18\Geckos-Team-18\node_modules\jsreport-express\lib\reporter.express.js:125:13)
    at Object.reporter.initializeListeners.add (C:\Users\jason\Desktop\Chingu Voyage Geckos 18\Geckos-Team-18\node_modules\jsreport-express\lib\reporter.express.js:280:30)
    at process._tickCallback (internal/process/next_tick.js:68:7)
